<?xml version="1.0" encoding="UTF-8"?>
<!-- Generated by org.testng.reporters.JUnitXMLReporter -->
<testsuite ignored="18" hostname="DESKTOP-TIVA8EK" failures="0" tests="8" name="Test" time="16.929" errors="0" timestamp="2024-08-12T18:49:05 PKT">
  <testcase classname="OpenCart.TS_002_LoginFunctionality" name="TC_LF_001" time="0.874"/>
  <testcase classname="OpenCart.TS_003_LogoutFunctionality" name="TC_LG_001" time="0.529"/>
  <testcase classname="OpenCart.TS_01_RegistrationFunctionality" name="TC_RF_001" time="2.179"/>
  <testcase classname="OpenCart.TS_002_LoginFunctionality" name="TC_LF_002" time="1.337"/>
  <testcase classname="OpenCart.TS_01_RegistrationFunctionality" name="TC_RF_007" time="1.633"/>
  <testcase classname="OpenCart.TS_003_LogoutFunctionality" name="TC_LG_002" time="1.609"/>
  <testcase classname="OpenCart.TS_002_LoginFunctionality" name="TC_LF_002" time="1.362"/>
  <testcase classname="OpenCart.TS_002_LoginFunctionality" name="TC_LF_002" time="1.271"/>
  <testcase classname="OpenCart.TS_002_LoginFunctionality" name="TC_LF_014" time="0.0">
    <ignored/>
  </testcase> <!-- TC_LF_014 -->
  <testcase classname="OpenCart.TS_002_LoginFunctionality" name="TC_LF_009" time="0.0">
    <ignored/>
  </testcase> <!-- TC_LF_009 -->
  <testcase classname="OpenCart.TS_003_LogoutFunctionality" name="TC_LG_004" time="0.0">
    <ignored/>
  </testcase> <!-- TC_LG_004 -->
  <testcase classname="OpenCart.TS_003_LogoutFunctionality" name="TC_LG_005" time="0.0">
    <ignored/>
  </testcase> <!-- TC_LG_005 -->
  <testcase classname="OpenCart.TS_002_LoginFunctionality" name="TC_LF_010" time="0.0">
    <ignored/>
  </testcase> <!-- TC_LF_010 -->
  <testcase classname="OpenCart.TS_003_LogoutFunctionality" name="TC_LG_006" time="0.0">
    <ignored/>
  </testcase> <!-- TC_LG_006 -->
  <testcase classname="OpenCart.TS_01_RegistrationFunctionality" name="TC_RF_009" time="0.0">
    <ignored/>
  </testcase> <!-- TC_RF_009 -->
  <testcase classname="OpenCart.TS_01_RegistrationFunctionality" name="TC_RF_008" time="0.0">
    <ignored/>
  </testcase> <!-- TC_RF_008 -->
  <testcase classname="OpenCart.TS_002_LoginFunctionality" name="TC_LF_012" time="0.0">
    <ignored/>
  </testcase> <!-- TC_LF_012 -->
  <testcase classname="OpenCart.TS_01_RegistrationFunctionality" name="TC_RF_013" time="0.0">
    <ignored/>
  </testcase> <!-- TC_RF_013 -->
  <testcase classname="OpenCart.TS_01_RegistrationFunctionality" name="TC_RF_012" time="0.0">
    <ignored/>
  </testcase> <!-- TC_RF_012 -->
  <testcase classname="OpenCart.TS_01_RegistrationFunctionality" name="TC_RF_006" time="0.0">
    <ignored/>
  </testcase> <!-- TC_RF_006 -->
  <testcase classname="OpenCart.TS_01_RegistrationFunctionality" name="TC_RF_016" time="0.0">
    <ignored/>
  </testcase> <!-- TC_RF_016 -->
  <testcase classname="OpenCart.TS_01_RegistrationFunctionality" name="TC_RF_005" time="0.0">
    <ignored/>
  </testcase> <!-- TC_RF_005 -->
  <testcase classname="OpenCart.TS_01_RegistrationFunctionality" name="TC_RF_015" time="0.0">
    <ignored/>
  </testcase> <!-- TC_RF_015 -->
  <testcase classname="OpenCart.TS_01_RegistrationFunctionality" name="TC_RF_004" time="0.0">
    <ignored/>
  </testcase> <!-- TC_RF_004 -->
  <testcase classname="OpenCart.TS_002_LoginFunctionality" name="TC_LF_005" time="0.0">
    <ignored/>
  </testcase> <!-- TC_LF_005 -->
  <testcase classname="OpenCart.TS_002_LoginFunctionality" name="TC_LF_016" time="0.0">
    <ignored/>
  </testcase> <!-- TC_LF_016 -->
</testsuite> <!-- Test -->
