<?xml version="1.0" encoding="UTF-8"?>
<!-- Generated by org.testng.reporters.JUnitXMLReporter -->
<testsuite ignored="0" hostname="DESKTOP-TIVA8EK" failures="1" tests="4" name="Default test" time="20.118" errors="0" timestamp="2024-08-24T00:24:07 PKT">
  <testcase classname="io.cucumber.testng.AbstractTestNGCucumberTests" name="runScenario" time="4.044"/>
  <testcase classname="io.cucumber.testng.AbstractTestNGCucumberTests" name="runScenario" time="5.668"/>
  <testcase classname="io.cucumber.testng.AbstractTestNGCucumberTests" name="runScenario" time="3.788"/>
  <testcase classname="io.cucumber.testng.AbstractTestNGCucumberTests" name="runScenario" time="6.081">
    <failure type="java.lang.AssertionError" message="Apple Cinema 30&amp;quot; in the cart expected [true] but found [false]">
      <![CDATA[java.lang.AssertionError: Apple Cinema 30" in the cart expected [true] but found [false]
at org.testng.Assert.fail(Assert.java:111)
at org.testng.Assert.failNotEquals(Assert.java:1578)
at org.testng.Assert.assertTrue(Assert.java:57)
at OpenCart.stepDefinitions.addToCartStepImplementation.product_should_be_successfully_displayed_in_the_page(addToCartStepImplementation.java:89)
at ✽."Apple Cinema 30\"" should be successfully displayed in the Shopping Cart page(file:///C:/Users/Hassan/git/repository/OpenCartAutomation/src/test/java/Cucumber/addToCart.feature:73)
]]>
    </failure>
  </testcase> <!-- runScenario -->
</testsuite> <!-- Default test -->
